<?xml version="1.0" encoding="UTF-8"?>
<!-- Generated by org.testng.reporters.JUnitReportReporter -->
<testsuite skipped="0" hostname="Dell" name="com.jenkins.testing.sample" tests="1" failures="0" timestamp="26 Apr 2019 04:28:46 GMT" time="0.011" errors="0">
  <testcase name="run1" time="0.011" classname="com.jenkins.testing.sample"/>
</testsuite> <!-- com.jenkins.testing.sample -->
